<?xml version="1.0" encoding="UTF-8"?>
<TestRun id="35635601-1621-4aba-ab6c-09af6cdd4d19" name="estevens@JMWARD-PC 2015-06-09 00:48:19" runUser="CONSULT-CTS\estevens" xmlns="http://microsoft.com/schemas/VisualStudio/TeamTest/2010">
  <TestSettings name="Local" id="562d6ba7-6e66-43bf-bec5-262a1ff7477e">
    <Description>These are default test settings for a local test run.</Description>
    <Deployment userDeploymentRoot="c:\users\estevens\documents\visual studio 2010\Projects\SeleniumDemo\TestResults" useDefaultDeploymentRoot="false" enabled="false" runDeploymentRoot="estevens_JMWARD-PC 2015-06-09 00_48_19">
      <DeploymentItem filename="c:\users\estevens\Downloads\selenium-dotnet-2.46.0\net40\WebDriver.dll" />
      <DeploymentItem filename="c:\users\estevens\Downloads\selenium-dotnet-2.46.0\net40\WebDriver.Support.dll" />
      <DeploymentItem filename="c:\users\estevens\Downloads\selenium-dotnet-2.46.0\net40\Selenium.WebDriverBackedSelenium.dll" />
      <DeploymentItem filename="c:\users\estevens\Downloads\selenium-dotnet-2.46.0\net40\ThoughtWorks.Selenium.Core.dll" />
    </Deployment>
    <Execution>
      <TestTypeSpecific />
      <AgentRule name="Execution Agents">
      </AgentRule>
    </Execution>
  </TestSettings>
  <Times creation="2015-06-09T00:48:19.9906319-05:00" queuing="2015-06-09T00:48:21.5227174-05:00" start="2015-06-09T00:48:21.6487271-05:00" finish="2015-06-09T00:48:33.2413786-05:00" />
  <ResultSummary outcome="Completed">
    <Counters total="1" executed="1" passed="1" error="0" failed="0" timeout="0" aborted="0" inconclusive="0" passedButRunAborted="0" notRunnable="0" notExecuted="0" disconnected="0" warning="0" completed="0" inProgress="0" pending="0" />
  </ResultSummary>
  <TestDefinitions>
    <UnitTest name="TestMethod1" storage="c:\users\estevens\documents\visual studio 2010\projects\seleniumdemo\seleniumdemo\bin\debug\seleniumdemo.dll" id="b961aecc-797b-5525-75e2-b7d169b0a636">
      <Execution id="a0765d06-3c73-4d68-b9e0-bbe21566719a" />
      <TestMethod codeBase="c:/users/estevens/documents/visual studio 2010/Projects/SeleniumDemo/SeleniumDemo/bin/Debug/SeleniumDemo.DLL" adapterTypeName="Microsoft.VisualStudio.TestTools.TestTypes.Unit.UnitTestAdapter, Microsoft.VisualStudio.QualityTools.Tips.UnitTest.Adapter, Version=10.0.0.0, Culture=neutral, PublicKeyToken=b03f5f7f11d50a3a" className="SeleniumDemo.SampleTest, SeleniumDemo, Version=1.0.0.0, Culture=neutral, PublicKeyToken=null" name="TestMethod1" />
    </UnitTest>
  </TestDefinitions>
  <TestLists>
    <TestList name="Results Not in a List" id="8c84fa94-04c1-424b-9868-57a2d4851a1d" />
    <TestList name="All Loaded Results" id="19431567-8539-422a-85d7-44ee4e166bda" />
  </TestLists>
  <TestEntries>
    <TestEntry testId="b961aecc-797b-5525-75e2-b7d169b0a636" executionId="a0765d06-3c73-4d68-b9e0-bbe21566719a" testListId="8c84fa94-04c1-424b-9868-57a2d4851a1d" />
  </TestEntries>
  <Results>
    <UnitTestResult executionId="a0765d06-3c73-4d68-b9e0-bbe21566719a" testId="b961aecc-797b-5525-75e2-b7d169b0a636" testName="TestMethod1" computerName="JMWARD-PC" duration="00:00:10.7227046" startTime="2015-06-09T00:48:21.8997388-05:00" endTime="2015-06-09T00:48:33.1493730-05:00" testType="13cdc9d9-ddb5-4fa4-a97d-d965ccfc6d4b" outcome="Passed" testListId="8c84fa94-04c1-424b-9868-57a2d4851a1d" relativeResultsDirectory="a0765d06-3c73-4d68-b9e0-bbe21566719a">
    </UnitTestResult>
  </Results>
</TestRun>