<?xml version="1.0" encoding="UTF-8"?>
<TestRun id="85310337-20d7-4d06-9ec3-59d812ab40ec" name="estevens@JMWARD-PC 2015-06-08 23:41:42" runUser="CONSULT-CTS\estevens" xmlns="http://microsoft.com/schemas/VisualStudio/TeamTest/2010">
  <TestSettings name="Local" id="562d6ba7-6e66-43bf-bec5-262a1ff7477e">
    <Description>These are default test settings for a local test run.</Description>
    <Deployment userDeploymentRoot="c:\users\estevens\documents\visual studio 2010\Projects\SeleniumDemo\TestResults" useDefaultDeploymentRoot="false" enabled="false" runDeploymentRoot="estevens_JMWARD-PC 2015-06-08 23_41_42">
      <DeploymentItem filename="c:\users\estevens\Downloads\selenium-dotnet-2.46.0\net40\WebDriver.dll" />
      <DeploymentItem filename="c:\users\estevens\Downloads\selenium-dotnet-2.46.0\net40\WebDriver.Support.dll" />
      <DeploymentItem filename="c:\users\estevens\Downloads\selenium-dotnet-2.46.0\net40\Selenium.WebDriverBackedSelenium.dll" />
      <DeploymentItem filename="c:\users\estevens\Downloads\selenium-dotnet-2.46.0\net40\ThoughtWorks.Selenium.Core.dll" />
    </Deployment>
    <Execution>
      <TestTypeSpecific />
      <AgentRule name="Execution Agents">
      </AgentRule>
    </Execution>
  </TestSettings>
  <Times creation="2015-06-08T23:41:42.1705453-05:00" queuing="2015-06-08T23:41:42.2205648-05:00" start="2015-06-08T23:41:42.2255454-05:00" finish="2015-06-08T23:41:47.8218606-05:00" />
  <ResultSummary outcome="Completed">
    <Counters total="1" executed="1" passed="1" error="0" failed="0" timeout="0" aborted="0" inconclusive="0" passedButRunAborted="0" notRunnable="0" notExecuted="0" disconnected="0" warning="0" completed="0" inProgress="0" pending="0" />
  </ResultSummary>
  <TestDefinitions>
    <UnitTest name="TestMethod1" storage="c:\users\estevens\documents\visual studio 2010\projects\seleniumdemo\seleniumdemo\bin\debug\seleniumdemo.dll" id="a6018bb9-9486-01d3-e288-44783e58f996">
      <Execution id="e35a99f5-f523-45ec-a1f7-5f74e225934f" />
      <TestMethod codeBase="c:/users/estevens/documents/visual studio 2010/Projects/SeleniumDemo/SeleniumDemo/bin/Debug/SeleniumDemo.DLL" adapterTypeName="Microsoft.VisualStudio.TestTools.TestTypes.Unit.UnitTestAdapter, Microsoft.VisualStudio.QualityTools.Tips.UnitTest.Adapter, Version=10.0.0.0, Culture=neutral, PublicKeyToken=b03f5f7f11d50a3a" className="SeleniumDemo.UnitTest1, SeleniumDemo, Version=1.0.0.0, Culture=neutral, PublicKeyToken=null" name="TestMethod1" />
    </UnitTest>
  </TestDefinitions>
  <TestLists>
    <TestList name="Results Not in a List" id="8c84fa94-04c1-424b-9868-57a2d4851a1d" />
    <TestList name="All Loaded Results" id="19431567-8539-422a-85d7-44ee4e166bda" />
  </TestLists>
  <TestEntries>
    <TestEntry testId="a6018bb9-9486-01d3-e288-44783e58f996" executionId="e35a99f5-f523-45ec-a1f7-5f74e225934f" testListId="8c84fa94-04c1-424b-9868-57a2d4851a1d" />
  </TestEntries>
  <Results>
    <UnitTestResult executionId="e35a99f5-f523-45ec-a1f7-5f74e225934f" testId="a6018bb9-9486-01d3-e288-44783e58f996" testName="TestMethod1" computerName="JMWARD-PC" duration="00:00:05.3420739" startTime="2015-06-08T23:41:42.2275771-05:00" endTime="2015-06-08T23:41:47.7908589-05:00" testType="13cdc9d9-ddb5-4fa4-a97d-d965ccfc6d4b" outcome="Passed" testListId="8c84fa94-04c1-424b-9868-57a2d4851a1d" relativeResultsDirectory="e35a99f5-f523-45ec-a1f7-5f74e225934f">
    </UnitTestResult>
  </Results>
</TestRun>