<?xml version="1.0" encoding="UTF-8"?>
<TestRun id="38aa4633-4650-4f59-8873-a301260152f7" name="estevens@JMWARD-PC 2015-06-08 23:22:14" runUser="CONSULT-CTS\estevens" xmlns="http://microsoft.com/schemas/VisualStudio/TeamTest/2010">
  <TestSettings name="Local" id="562d6ba7-6e66-43bf-bec5-262a1ff7477e">
    <Description>These are default test settings for a local test run.</Description>
    <Deployment userDeploymentRoot="c:\users\estevens\documents\visual studio 2010\Projects\SeleniumDemo\TestResults" useDefaultDeploymentRoot="false" enabled="false" runDeploymentRoot="estevens_JMWARD-PC 2015-06-08 23_22_14">
      <DeploymentItem filename="c:\users\estevens\Downloads\selenium-dotnet-2.46.0\net40\WebDriver.dll" />
      <DeploymentItem filename="c:\users\estevens\Downloads\selenium-dotnet-2.46.0\net40\WebDriver.Support.dll" />
      <DeploymentItem filename="c:\users\estevens\Downloads\selenium-dotnet-2.46.0\net40\Selenium.WebDriverBackedSelenium.dll" />
      <DeploymentItem filename="c:\users\estevens\Downloads\selenium-dotnet-2.46.0\net40\ThoughtWorks.Selenium.Core.dll" />
    </Deployment>
    <Execution>
      <TestTypeSpecific />
      <AgentRule name="Execution Agents">
      </AgentRule>
    </Execution>
  </TestSettings>
  <Times creation="2015-06-08T23:22:14.8368149-05:00" queuing="2015-06-08T23:22:16.6899163-05:00" start="2015-06-08T23:22:16.8099231-05:00" finish="2015-06-08T23:29:18.5315005-05:00" />
  <ResultSummary outcome="Error">
    <Counters total="1" executed="1" error="0" failed="0" timeout="0" aborted="1" inconclusive="0" passedButRunAborted="0" notRunnable="0" notExecuted="0" disconnected="0" warning="0" passed="0" completed="0" inProgress="0" pending="0" />
    <RunInfos>
      <RunInfo computerName="JMWARD-PC" outcome="Error" timestamp="2015-06-08T23:29:18.5305210-05:00">
        <Text>Test host process exited unexpectedly.</Text>
      </RunInfo>
    </RunInfos>
  </ResultSummary>
  <TestDefinitions>
    <UnitTest name="TestMethod1" storage="c:\users\estevens\documents\visual studio 2010\projects\seleniumdemo\seleniumdemo\bin\debug\seleniumdemo.dll" id="a6018bb9-9486-01d3-e288-44783e58f996">
      <Execution id="980a0329-f4a9-4bdb-9020-169999bfaf61" />
      <TestMethod codeBase="c:/users/estevens/documents/visual studio 2010/Projects/SeleniumDemo/SeleniumDemo/bin/Debug/SeleniumDemo.DLL" adapterTypeName="Microsoft.VisualStudio.TestTools.TestTypes.Unit.UnitTestAdapter, Microsoft.VisualStudio.QualityTools.Tips.UnitTest.Adapter, Version=10.0.0.0, Culture=neutral, PublicKeyToken=b03f5f7f11d50a3a" className="SeleniumDemo.UnitTest1, SeleniumDemo, Version=1.0.0.0, Culture=neutral, PublicKeyToken=null" name="TestMethod1" />
    </UnitTest>
  </TestDefinitions>
  <TestLists>
    <TestList name="Results Not in a List" id="8c84fa94-04c1-424b-9868-57a2d4851a1d" />
    <TestList name="All Loaded Results" id="19431567-8539-422a-85d7-44ee4e166bda" />
  </TestLists>
  <TestEntries>
    <TestEntry testId="a6018bb9-9486-01d3-e288-44783e58f996" executionId="980a0329-f4a9-4bdb-9020-169999bfaf61" testListId="8c84fa94-04c1-424b-9868-57a2d4851a1d" />
  </TestEntries>
  <Results>
    <UnitTestResult executionId="980a0329-f4a9-4bdb-9020-169999bfaf61" testId="a6018bb9-9486-01d3-e288-44783e58f996" testName="TestMethod1" computerName="JMWARD-PC" duration="00:07:01.4715416" startTime="2015-06-08T23:22:17.0599589-05:00" endTime="2015-06-08T23:29:18.5315005-05:00" testType="13cdc9d9-ddb5-4fa4-a97d-d965ccfc6d4b" outcome="Aborted" testListId="8c84fa94-04c1-424b-9868-57a2d4851a1d" relativeResultsDirectory="980a0329-f4a9-4bdb-9020-169999bfaf61">
    </UnitTestResult>
  </Results>
</TestRun>