<?xml version="1.0" encoding="UTF-8"?>
<TestRun id="5d626596-14a5-4e3b-ae59-72dcf2c0ad4a" name="estevens@JMWARD-PC 2015-06-09 00:42:55" runUser="CONSULT-CTS\estevens" xmlns="http://microsoft.com/schemas/VisualStudio/TeamTest/2010">
  <TestSettings name="Local" id="562d6ba7-6e66-43bf-bec5-262a1ff7477e">
    <Description>These are default test settings for a local test run.</Description>
    <Deployment userDeploymentRoot="c:\users\estevens\documents\visual studio 2010\Projects\SeleniumDemo\TestResults" useDefaultDeploymentRoot="false" enabled="false" runDeploymentRoot="estevens_JMWARD-PC 2015-06-09 00_42_55">
      <DeploymentItem filename="c:\users\estevens\Downloads\selenium-dotnet-2.46.0\net40\WebDriver.dll" />
      <DeploymentItem filename="c:\users\estevens\Downloads\selenium-dotnet-2.46.0\net40\WebDriver.Support.dll" />
      <DeploymentItem filename="c:\users\estevens\Downloads\selenium-dotnet-2.46.0\net40\Selenium.WebDriverBackedSelenium.dll" />
      <DeploymentItem filename="c:\users\estevens\Downloads\selenium-dotnet-2.46.0\net40\ThoughtWorks.Selenium.Core.dll" />
    </Deployment>
    <Execution>
      <TestTypeSpecific />
      <AgentRule name="Execution Agents">
      </AgentRule>
    </Execution>
  </TestSettings>
  <Times creation="2015-06-09T00:42:55.0024513-05:00" queuing="2015-06-09T00:42:55.6704866-05:00" start="2015-06-09T00:42:55.7414908-05:00" finish="2015-06-09T00:43:03.9539548-05:00" />
  <ResultSummary outcome="Failed">
    <Counters total="1" executed="1" error="0" failed="1" timeout="0" aborted="0" inconclusive="0" passedButRunAborted="0" notRunnable="0" notExecuted="0" disconnected="0" warning="0" passed="0" completed="0" inProgress="0" pending="0" />
  </ResultSummary>
  <TestDefinitions>
    <UnitTest name="TestMethod1" storage="c:\users\estevens\documents\visual studio 2010\projects\seleniumdemo\seleniumdemo\bin\debug\seleniumdemo.dll" id="b961aecc-797b-5525-75e2-b7d169b0a636">
      <Execution id="fb8d7dff-0538-422b-9668-b61b5b2b948d" />
      <TestMethod codeBase="c:/users/estevens/documents/visual studio 2010/Projects/SeleniumDemo/SeleniumDemo/bin/Debug/SeleniumDemo.DLL" adapterTypeName="Microsoft.VisualStudio.TestTools.TestTypes.Unit.UnitTestAdapter, Microsoft.VisualStudio.QualityTools.Tips.UnitTest.Adapter, Version=10.0.0.0, Culture=neutral, PublicKeyToken=b03f5f7f11d50a3a" className="SeleniumDemo.SampleTest, SeleniumDemo, Version=1.0.0.0, Culture=neutral, PublicKeyToken=null" name="TestMethod1" />
    </UnitTest>
  </TestDefinitions>
  <TestLists>
    <TestList name="Results Not in a List" id="8c84fa94-04c1-424b-9868-57a2d4851a1d" />
    <TestList name="All Loaded Results" id="19431567-8539-422a-85d7-44ee4e166bda" />
  </TestLists>
  <TestEntries>
    <TestEntry testId="b961aecc-797b-5525-75e2-b7d169b0a636" executionId="fb8d7dff-0538-422b-9668-b61b5b2b948d" testListId="8c84fa94-04c1-424b-9868-57a2d4851a1d" />
  </TestEntries>
  <Results>
    <UnitTestResult executionId="fb8d7dff-0538-422b-9668-b61b5b2b948d" testId="b961aecc-797b-5525-75e2-b7d169b0a636" testName="TestMethod1" computerName="JMWARD-PC" duration="00:00:07.8218957" startTime="2015-06-09T00:42:55.8294949-05:00" endTime="2015-06-09T00:43:03.9039510-05:00" testType="13cdc9d9-ddb5-4fa4-a97d-d965ccfc6d4b" outcome="Failed" testListId="8c84fa94-04c1-424b-9868-57a2d4851a1d" relativeResultsDirectory="fb8d7dff-0538-422b-9668-b61b5b2b948d">
      <Output>
        <ErrorInfo>
          <Message>Test method SeleniumDemo.SampleTest.TestMethod1 threw exception: 
OpenQA.Selenium.NoSuchElementException: no such element
  (Session info: chrome=43.0.2357.81)
  (Driver info: chromedriver=2.15.322448 (52179c1b310fec1797c81ea9a20326839860b7d3),platform=Windows NT 6.3 x86_64)</Message>
          <StackTrace>    at OpenQA.Selenium.Remote.RemoteWebDriver.UnpackAndThrowOnError(Response errorResponse) in c:\Projects\webdriver\dotnet\src\webdriver\Remote\RemoteWebDriver.cs:line 1107
   at OpenQA.Selenium.Remote.RemoteWebDriver.Execute(String driverCommandToExecute, Dictionary`2 parameters) in c:\Projects\webdriver\dotnet\src\webdriver\Remote\RemoteWebDriver.cs:line 920
   at OpenQA.Selenium.Remote.RemoteWebDriver.FindElement(String mechanism, String value) in c:\Projects\webdriver\dotnet\src\webdriver\Remote\RemoteWebDriver.cs:line 954
   at OpenQA.Selenium.Remote.RemoteWebDriver.FindElementByXPath(String xpath) in c:\Projects\webdriver\dotnet\src\webdriver\Remote\RemoteWebDriver.cs:line 700
   at OpenQA.Selenium.By.&lt;&gt;c__DisplayClasse.&lt;XPath&gt;b__c(ISearchContext context) in c:\Projects\webdriver\dotnet\src\webdriver\By.cs:line 167
   at OpenQA.Selenium.By.FindElement(ISearchContext context) in c:\Projects\webdriver\dotnet\src\webdriver\By.cs:line 309
   at OpenQA.Selenium.Remote.RemoteWebDriver.FindElement(By by) in c:\Projects\webdriver\dotnet\src\webdriver\Remote\RemoteWebDriver.cs:line 330
   at SeleniumDemo.Page_Objects.WebPage.getText(By location) in c:\users\estevens\documents\visual studio 2010\Projects\SeleniumDemo\SeleniumDemo\Page Objects\WebPage.cs:line 37
   at SeleniumDemo.Page_Objects.ResultsPage.getNthSearchResult(Int32 index) in c:\users\estevens\documents\visual studio 2010\Projects\SeleniumDemo\SeleniumDemo\Page Objects\ResultsPage.cs:line 27
   at SeleniumDemo.SampleTest.TestMethod1() in c:\users\estevens\documents\visual studio 2010\Projects\SeleniumDemo\SeleniumDemo\SampleTest.cs:line 53
</StackTrace>
        </ErrorInfo>
      </Output>
    </UnitTestResult>
  </Results>
</TestRun>